<?xml version="1.0" encoding="UTF-8" ?>
<testsuite tests="2" failures="0" name="io.cucumber.uniqa.RunCucumberTest" time="28.659" errors="0" skipped="2">
  <properties>
    <property name="java.runtime.name" value="OpenJDK Runtime Environment"/>
    <property name="java.vm.version" value="11.0.10+9-Ubuntu-0ubuntu1.20.04"/>
    <property name="sun.boot.library.path" value="/usr/lib/jvm/java-11-openjdk-amd64/lib"/>
    <property name="maven.multiModuleProjectDirectory" value="/home/redepos/workspace/springboot/ProvaFinal-UniQA"/>
    <property name="java.vm.vendor" value="Ubuntu"/>
    <property name="java.vendor.url" value="https://ubuntu.com/"/>
    <property name="guice.disable.misplaced.annotation.check" value="true"/>
    <property name="path.separator" value=":"/>
    <property name="java.vm.name" value="OpenJDK 64-Bit Server VM"/>
    <property name="sun.os.patch.level" value="unknown"/>
    <property name="user.country" value="BR"/>
    <property name="sun.java.launcher" value="SUN_STANDARD"/>
    <property name="java.vm.specification.name" value="Java Virtual Machine Specification"/>
    <property name="user.dir" value="/home/redepos/workspace/springboot/ProvaFinal-UniQA"/>
    <property name="java.vm.compressedOopsMode" value="32-bit"/>
    <property name="java.runtime.version" value="11.0.10+9-Ubuntu-0ubuntu1.20.04"/>
    <property name="java.awt.graphicsenv" value="sun.awt.X11GraphicsEnvironment"/>
    <property name="os.arch" value="amd64"/>
    <property name="java.io.tmpdir" value="/tmp"/>
    <property name="line.separator" value="
"/>
    <property name="java.vm.specification.vendor" value="Oracle Corporation"/>
    <property name="os.name" value="Linux"/>
    <property name="classworlds.conf" value="/home/redepos/.m2/wrapper/dists/apache-maven-3.6.3-bin/1iopthnavndlasol9gbrbg6bf2/apache-maven-3.6.3/bin/m2.conf"/>
    <property name="sun.jnu.encoding" value="UTF-8"/>
    <property name="java.library.path" value="/usr/java/packages/lib:/usr/lib/x86_64-linux-gnu/jni:/lib/x86_64-linux-gnu:/usr/lib/x86_64-linux-gnu:/usr/lib/jni:/lib:/usr/lib"/>
    <property name="maven.conf" value="/home/redepos/.m2/wrapper/dists/apache-maven-3.6.3-bin/1iopthnavndlasol9gbrbg6bf2/apache-maven-3.6.3/conf"/>
    <property name="jdk.debug" value="release"/>
    <property name="java.class.version" value="55.0"/>
    <property name="java.specification.name" value="Java Platform API Specification"/>
    <property name="sun.management.compiler" value="HotSpot 64-Bit Tiered Compilers"/>
    <property name="os.version" value="5.8.0-48-generic"/>
    <property name="user.home" value="/home/redepos"/>
    <property name="user.timezone" value="America/Recife"/>
    <property name="java.awt.printerjob" value="sun.print.PSPrinterJob"/>
    <property name="file.encoding" value="UTF-8"/>
    <property name="java.specification.version" value="11"/>
    <property name="user.name" value="redepos"/>
    <property name="java.class.path" value="/home/redepos/workspace/springboot/ProvaFinal-UniQA/.mvn/wrapper/maven-wrapper.jar"/>
    <property name="java.vm.specification.version" value="11"/>
    <property name="sun.arch.data.model" value="64"/>
    <property name="sun.java.command" value="org.apache.maven.wrapper.MavenWrapperMain test"/>
    <property name="java.home" value="/usr/lib/jvm/java-11-openjdk-amd64"/>
    <property name="user.language" value="pt"/>
    <property name="java.specification.vendor" value="Oracle Corporation"/>
    <property name="awt.toolkit" value="sun.awt.X11.XToolkit"/>
    <property name="java.vm.info" value="mixed mode"/>
    <property name="java.version" value="11.0.10"/>
    <property name="securerandom.source" value="file:/dev/./urandom"/>
    <property name="java.vendor" value="Ubuntu"/>
    <property name="maven.home" value="/home/redepos/.m2/wrapper/dists/apache-maven-3.6.3-bin/1iopthnavndlasol9gbrbg6bf2/apache-maven-3.6.3"/>
    <property name="file.separator" value="/"/>
    <property name="java.version.date" value="2021-01-19"/>
    <property name="java.vendor.url.bug" value="https://bugs.launchpad.net/ubuntu/+source/openjdk-lts"/>
    <property name="sun.io.unicode.encoding" value="UnicodeLittle"/>
    <property name="sun.cpu.endian" value="little"/>
    <property name="sun.desktop" value="gnome"/>
    <property name="sun.cpu.isalist" value=""/>
  </properties>
  <testcase classname="Acessar o site da accenture e aceitar os cookies do LGPD" name="Aceitar o cookie LGPD" time="14.839">
    <skipped/>
    <system-out>
Cenario: Aceitar o cookie LGPD            &amp;#27;[90m# io/cucumber/uniqa/cookiesAccenture.feature:5&amp;#27;[0m
  &amp;#27;[32mDado &amp;#27;[0m&amp;#27;[32mque eu estou no site da accenture&amp;#27;[0m  &amp;#27;[90m# io.cucumber.uniqa.CookiesSteps.entrarNoSiteAccenture()&amp;#27;[0m
  &amp;#27;[33mE &amp;#27;[0m&amp;#27;[33maceito os termos LGPD&amp;#27;[0m                 &amp;#27;[90m# io.cucumber.uniqa.CookiesSteps.aceito_os_termos_LGPD()&amp;#27;[0m
      &amp;#27;[33mio.cucumber.java.PendingException: TODO: implement me
	at io.cucumber.uniqa.CookiesSteps.aceito_os_termos_LGPD(CookiesSteps.java:17)
	at ✽.aceito os termos LGPD(classpath:io/cucumber/uniqa/cookiesAccenture.feature:7)
&amp;#27;[0m
  &amp;#27;[36mEntao &amp;#27;[0m&amp;#27;[36mdeve fechar a caixa de informacao&amp;#27;[0m &amp;#27;[90m# io.cucumber.uniqa.CookiesSteps.deve_fechar_a_caixa_de_informacao()&amp;#27;[0m
</system-out>
    <system-err>mar 27, 2021 10:45:39 AM io.cucumber.junit.Cucumber &lt;init&gt;
ADVERTÊNCIA: By default Cucumber is running in --non-strict mode.
This default will change to --strict and --non-strict will be removed.
You can use --strict or @CucumberOptions(strict = true) to suppress this warning
Starting ChromeDriver 89.0.4389.23 (61b08ee2c50024bab004e48d2b1b083cdbdac579-refs/branch-heads/4389@{#294}) on port 15713
Only local connections are allowed.
Please see https://chromedriver.chromium.org/security-considerations for suggestions on keeping ChromeDriver safe.
ChromeDriver was started successfully.
mar 27, 2021 10:45:41 AM org.openqa.selenium.remote.ProtocolHandshake createSession
INFORMAÇÕES: Detected dialect: W3C
</system-err>
  </testcase>
  <testcase classname="Acessar o site da accenture e aceitar os cookies do LGPD" name="Configuracoes do cookie" time="13.82">
    <skipped/>
    <system-out>
Cenario: Configuracoes do cookie             &amp;#27;[90m# io/cucumber/uniqa/cookiesAccenture.feature:10&amp;#27;[0m
  &amp;#27;[32mDado &amp;#27;[0m&amp;#27;[32mque eu estou no site da accenture&amp;#27;[0m     &amp;#27;[90m# io.cucumber.uniqa.CookiesSteps.entrarNoSiteAccenture()&amp;#27;[0m
  &amp;#27;[33mE &amp;#27;[0m&amp;#27;[33maceito os termos LGPD&amp;#27;[0m                    &amp;#27;[90m# io.cucumber.uniqa.CookiesSteps.aceito_os_termos_LGPD()&amp;#27;[0m
      &amp;#27;[33mio.cucumber.java.PendingException: TODO: implement me
	at io.cucumber.uniqa.CookiesSteps.aceito_os_termos_LGPD(CookiesSteps.java:17)
	at ✽.aceito os termos LGPD(classpath:io/cucumber/uniqa/cookiesAccenture.feature:12)
&amp;#27;[0m
  &amp;#27;[36mE &amp;#27;[0m&amp;#27;[36mclico em configurações de cookie&amp;#27;[0m         &amp;#27;[90m# io.cucumber.uniqa.CookiesSteps.clico_em_configurações_de_cookie()&amp;#27;[0m
  &amp;#27;[36mEntao &amp;#27;[0m&amp;#27;[36mdevo ver o item de &amp;#27;[0m&amp;#27;[36m&amp;#27;[1m&quot;sua privacidade&quot;&amp;#27;[0m &amp;#27;[90m# io.cucumber.uniqa.CookiesSteps.devo_ver_o_item_de(java.lang.String)&amp;#27;[0m
  &amp;#27;[33mE &amp;#27;[0m&amp;#27;[33mdevo ver&amp;#27;[0m                                 &amp;#27;[90m# null&amp;#27;[0m
</system-out>
    <system-err>Starting ChromeDriver 89.0.4389.23 (61b08ee2c50024bab004e48d2b1b083cdbdac579-refs/branch-heads/4389@{#294}) on port 12022
Only local connections are allowed.
Please see https://chromedriver.chromium.org/security-considerations for suggestions on keeping ChromeDriver safe.
ChromeDriver was started successfully.
mar 27, 2021 10:45:55 AM org.openqa.selenium.remote.ProtocolHandshake createSession
INFORMAÇÕES: Detected dialect: W3C
</system-err>
  </testcase>
</testsuite>